{"/Users/viniciusdacal/github/redux-arc/src/apiActionCreator.js": {"path":"/Users/viniciusdacal/github/redux-arc/src/apiActionCreator.js","statementMap":{"0":{"start":{"line":11,"column":35},"end":{"line":11,"column":70}},"1":{"start":{"line":12,"column":19},"end":{"line":19,"column":5}},"2":{"start":{"line":21,"column":4},"end":{"line":23,"column":5}},"3":{"start":{"line":22,"column":6},"end":{"line":22,"column":31}},"4":{"start":{"line":25,"column":4},"end":{"line":27,"column":5}},"5":{"start":{"line":26,"column":6},"end":{"line":26,"column":55}},"6":{"start":{"line":29,"column":4},"end":{"line":31,"column":5}},"7":{"start":{"line":30,"column":6},"end":{"line":30,"column":41}},"8":{"start":{"line":33,"column":4},"end":{"line":35,"column":5}},"9":{"start":{"line":34,"column":6},"end":{"line":34,"column":43}},"10":{"start":{"line":37,"column":4},"end":{"line":37,"column":18}},"11":{"start":{"line":40,"column":2},"end":{"line":44,"column":4}},"12":{"start":{"line":46,"column":2},"end":{"line":46,"column":20}},"13":{"start":{"line":50,"column":2},"end":{"line":56,"column":5}},"14":{"start":{"line":51,"column":23},"end":{"line":51,"column":40}},"15":{"start":{"line":52,"column":4},"end":{"line":54,"column":5}},"16":{"start":{"line":53,"column":6},"end":{"line":53,"column":81}},"17":{"start":{"line":55,"column":4},"end":{"line":55,"column":22}},"18":{"start":{"line":60,"column":2},"end":{"line":84,"column":5}},"19":{"start":{"line":61,"column":19},"end":{"line":61,"column":39}},"20":{"start":{"line":62,"column":23},"end":{"line":62,"column":85}},"21":{"start":{"line":64,"column":4},"end":{"line":68,"column":5}},"22":{"start":{"line":65,"column":6},"end":{"line":67,"column":8}},"23":{"start":{"line":69,"column":4},"end":{"line":73,"column":5}},"24":{"start":{"line":70,"column":6},"end":{"line":72,"column":8}},"25":{"start":{"line":74,"column":4},"end":{"line":78,"column":5}},"26":{"start":{"line":75,"column":6},"end":{"line":77,"column":8}},"27":{"start":{"line":79,"column":4},"end":{"line":83,"column":5}},"28":{"start":{"line":80,"column":6},"end":{"line":82,"column":8}},"29":{"start":{"line":86,"column":2},"end":{"line":88,"column":3}},"30":{"start":{"line":87,"column":4},"end":{"line":87,"column":100}},"31":{"start":{"line":92,"column":2},"end":{"line":92,"column":34}},"32":{"start":{"line":93,"column":21},"end":{"line":93,"column":40}},"33":{"start":{"line":94,"column":22},"end":{"line":94,"column":72}},"34":{"start":{"line":95,"column":19},"end":{"line":95,"column":95}},"35":{"start":{"line":97,"column":2},"end":{"line":100,"column":4}}},"fnMap":{"0":{"name":"apiActionCreatorFactory","decl":{"start":{"line":9,"column":16},"end":{"line":9,"column":39}},"loc":{"start":{"line":9,"column":63},"end":{"line":47,"column":1}},"line":9},"1":{"name":"apiCreator","decl":{"start":{"line":10,"column":11},"end":{"line":10,"column":21}},"loc":{"start":{"line":10,"column":31},"end":{"line":38,"column":3}},"line":10},"2":{"name":"parseUrl","decl":{"start":{"line":49,"column":16},"end":{"line":49,"column":24}},"loc":{"start":{"line":49,"column":38},"end":{"line":57,"column":1}},"line":49},"3":{"name":"(anonymous_3)","decl":{"start":{"line":50,"column":43},"end":{"line":50,"column":44}},"loc":{"start":{"line":50,"column":62},"end":{"line":56,"column":3}},"line":50},"4":{"name":"validateConfig","decl":{"start":{"line":59,"column":16},"end":{"line":59,"column":30}},"loc":{"start":{"line":59,"column":49},"end":{"line":89,"column":1}},"line":59},"5":{"name":"(anonymous_5)","decl":{"start":{"line":60,"column":31},"end":{"line":60,"column":32}},"loc":{"start":{"line":60,"column":48},"end":{"line":84,"column":3}},"line":60},"6":{"name":"createApiActions","decl":{"start":{"line":91,"column":24},"end":{"line":91,"column":40}},"loc":{"start":{"line":91,"column":58},"end":{"line":101,"column":1}},"line":91}},"branchMap":{"0":{"loc":{"start":{"line":11,"column":35},"end":{"line":11,"column":70}},"type":"binary-expr","locations":[{"start":{"line":11,"column":35},"end":{"line":11,"column":64}},{"start":{"line":11,"column":68},"end":{"line":11,"column":70}}],"line":11},"1":{"loc":{"start":{"line":21,"column":4},"end":{"line":23,"column":5}},"type":"if","locations":[{"start":{"line":21,"column":4},"end":{"line":23,"column":5}},{"start":{"line":21,"column":4},"end":{"line":23,"column":5}}],"line":21},"2":{"loc":{"start":{"line":25,"column":4},"end":{"line":27,"column":5}},"type":"if","locations":[{"start":{"line":25,"column":4},"end":{"line":27,"column":5}},{"start":{"line":25,"column":4},"end":{"line":27,"column":5}}],"line":25},"3":{"loc":{"start":{"line":29,"column":4},"end":{"line":31,"column":5}},"type":"if","locations":[{"start":{"line":29,"column":4},"end":{"line":31,"column":5}},{"start":{"line":29,"column":4},"end":{"line":31,"column":5}}],"line":29},"4":{"loc":{"start":{"line":33,"column":4},"end":{"line":35,"column":5}},"type":"if","locations":[{"start":{"line":33,"column":4},"end":{"line":35,"column":5}},{"start":{"line":33,"column":4},"end":{"line":35,"column":5}}],"line":33},"5":{"loc":{"start":{"line":52,"column":4},"end":{"line":54,"column":5}},"type":"if","locations":[{"start":{"line":52,"column":4},"end":{"line":54,"column":5}},{"start":{"line":52,"column":4},"end":{"line":54,"column":5}}],"line":52},"6":{"loc":{"start":{"line":52,"column":8},"end":{"line":52,"column":56}},"type":"binary-expr","locations":[{"start":{"line":52,"column":8},"end":{"line":52,"column":30}},{"start":{"line":52,"column":34},"end":{"line":52,"column":56}}],"line":52},"7":{"loc":{"start":{"line":62,"column":26},"end":{"line":62,"column":51}},"type":"binary-expr","locations":[{"start":{"line":62,"column":26},"end":{"line":62,"column":33}},{"start":{"line":62,"column":37},"end":{"line":62,"column":51}}],"line":62},"8":{"loc":{"start":{"line":64,"column":4},"end":{"line":68,"column":5}},"type":"if","locations":[{"start":{"line":64,"column":4},"end":{"line":68,"column":5}},{"start":{"line":64,"column":4},"end":{"line":68,"column":5}}],"line":64},"9":{"loc":{"start":{"line":69,"column":4},"end":{"line":73,"column":5}},"type":"if","locations":[{"start":{"line":69,"column":4},"end":{"line":73,"column":5}},{"start":{"line":69,"column":4},"end":{"line":73,"column":5}}],"line":69},"10":{"loc":{"start":{"line":74,"column":4},"end":{"line":78,"column":5}},"type":"if","locations":[{"start":{"line":74,"column":4},"end":{"line":78,"column":5}},{"start":{"line":74,"column":4},"end":{"line":78,"column":5}}],"line":74},"11":{"loc":{"start":{"line":74,"column":8},"end":{"line":74,"column":66}},"type":"binary-expr","locations":[{"start":{"line":74,"column":8},"end":{"line":74,"column":41}},{"start":{"line":74,"column":45},"end":{"line":74,"column":66}}],"line":74},"12":{"loc":{"start":{"line":79,"column":4},"end":{"line":83,"column":5}},"type":"if","locations":[{"start":{"line":79,"column":4},"end":{"line":83,"column":5}},{"start":{"line":79,"column":4},"end":{"line":83,"column":5}}],"line":79},"13":{"loc":{"start":{"line":79,"column":8},"end":{"line":79,"column":64}},"type":"binary-expr","locations":[{"start":{"line":79,"column":8},"end":{"line":79,"column":23}},{"start":{"line":79,"column":27},"end":{"line":79,"column":64}}],"line":79},"14":{"loc":{"start":{"line":86,"column":2},"end":{"line":88,"column":3}},"type":"if","locations":[{"start":{"line":86,"column":2},"end":{"line":88,"column":3}},{"start":{"line":86,"column":2},"end":{"line":88,"column":3}}],"line":86},"15":{"loc":{"start":{"line":86,"column":6},"end":{"line":86,"column":69}},"type":"binary-expr","locations":[{"start":{"line":86,"column":6},"end":{"line":86,"column":13}},{"start":{"line":86,"column":17},"end":{"line":86,"column":31}},{"start":{"line":86,"column":35},"end":{"line":86,"column":69}}],"line":86},"16":{"loc":{"start":{"line":94,"column":46},"end":{"line":94,"column":71}},"type":"binary-expr","locations":[{"start":{"line":94,"column":46},"end":{"line":94,"column":53}},{"start":{"line":94,"column":57},"end":{"line":94,"column":71}}],"line":94}},"s":{"0":6,"1":6,"2":6,"3":1,"4":6,"5":1,"6":6,"7":1,"8":6,"9":2,"10":6,"11":6,"12":6,"13":10,"14":7,"15":7,"16":1,"17":6,"18":7,"19":9,"20":9,"21":9,"22":1,"23":8,"24":1,"25":7,"26":1,"27":6,"28":1,"29":3,"30":1,"31":1,"32":1,"33":1,"34":1,"35":1},"f":{"0":6,"1":6,"2":10,"3":7,"4":7,"5":9,"6":1},"b":{"0":[6,2],"1":[1,5],"2":[1,5],"3":[1,5],"4":[2,4],"5":[1,6],"6":[7,2],"7":[9,4],"8":[1,8],"9":[1,7],"10":[1,6],"11":[7,6],"12":[1,5],"13":[6,2],"14":[1,2],"15":[3,2,2],"16":[1,1]},"_coverageSchema":"332fd63041d2c1bcb487cc26dd0d5f7d97098a6c","hash":"af07c7ede426ef2939b15c30299760dea7462df7"}
,"/Users/viniciusdacal/github/redux-arc/src/asyncActionHelpers.js": {"path":"/Users/viniciusdacal/github/redux-arc/src/asyncActionHelpers.js","statementMap":{"0":{"start":{"line":1,"column":32},"end":{"line":1,"column":85}},"1":{"start":{"line":1,"column":41},"end":{"line":1,"column":85}},"2":{"start":{"line":3,"column":27},"end":{"line":13,"column":6}},"3":{"start":{"line":3,"column":51},"end":{"line":13,"column":6}},"4":{"start":{"line":4,"column":24},"end":{"line":4,"column":52}},"5":{"start":{"line":5,"column":2},"end":{"line":12,"column":4}},"6":{"start":{"line":16,"column":2},"end":{"line":18,"column":3}},"7":{"start":{"line":17,"column":4},"end":{"line":17,"column":36}},"8":{"start":{"line":19,"column":2},"end":{"line":19,"column":17}},"9":{"start":{"line":22,"column":30},"end":{"line":26,"column":9}},"10":{"start":{"line":23,"column":2},"end":{"line":26,"column":9}},"11":{"start":{"line":23,"column":52},"end":{"line":26,"column":3}},"12":{"start":{"line":28,"column":33},"end":{"line":35,"column":8}},"13":{"start":{"line":29,"column":2},"end":{"line":35,"column":8}},"14":{"start":{"line":30,"column":45},"end":{"line":30,"column":61}},"15":{"start":{"line":31,"column":4},"end":{"line":34,"column":6}}},"fnMap":{"0":{"name":"(anonymous_0)","decl":{"start":{"line":1,"column":32},"end":{"line":1,"column":33}},"loc":{"start":{"line":1,"column":41},"end":{"line":1,"column":85}},"line":1},"1":{"name":"(anonymous_1)","decl":{"start":{"line":3,"column":27},"end":{"line":3,"column":28}},"loc":{"start":{"line":3,"column":51},"end":{"line":13,"column":6}},"line":3},"2":{"name":"(anonymous_2)","decl":{"start":{"line":3,"column":69},"end":{"line":3,"column":70}},"loc":{"start":{"line":3,"column":90},"end":{"line":13,"column":1}},"line":3},"3":{"name":"parseOptions","decl":{"start":{"line":15,"column":16},"end":{"line":15,"column":28}},"loc":{"start":{"line":15,"column":46},"end":{"line":20,"column":1}},"line":15},"4":{"name":"(anonymous_4)","decl":{"start":{"line":22,"column":30},"end":{"line":22,"column":31}},"loc":{"start":{"line":23,"column":2},"end":{"line":26,"column":9}},"line":23},"5":{"name":"(anonymous_5)","decl":{"start":{"line":23,"column":29},"end":{"line":23,"column":30}},"loc":{"start":{"line":23,"column":52},"end":{"line":26,"column":3}},"line":23},"6":{"name":"(anonymous_6)","decl":{"start":{"line":28,"column":33},"end":{"line":28,"column":34}},"loc":{"start":{"line":29,"column":2},"end":{"line":35,"column":8}},"line":29},"7":{"name":"(anonymous_7)","decl":{"start":{"line":29,"column":34},"end":{"line":29,"column":35}},"loc":{"start":{"line":29,"column":48},"end":{"line":35,"column":3}},"line":29}},"branchMap":{"0":{"loc":{"start":{"line":16,"column":2},"end":{"line":18,"column":3}},"type":"if","locations":[{"start":{"line":16,"column":2},"end":{"line":18,"column":3}},{"start":{"line":16,"column":2},"end":{"line":18,"column":3}}],"line":16}},"s":{"0":2,"1":14,"2":2,"3":2,"4":5,"5":5,"6":8,"7":1,"8":7,"9":2,"10":2,"11":6,"12":2,"13":2,"14":6,"15":6},"f":{"0":14,"1":2,"2":5,"3":8,"4":2,"5":6,"6":2,"7":6},"b":{"0":[1,7]},"_coverageSchema":"332fd63041d2c1bcb487cc26dd0d5f7d97098a6c","hash":"610b3b0053d2e7324548edd50b6432702f06ab6e"}
,"/Users/viniciusdacal/github/redux-arc/src/helpers.js": {"path":"/Users/viniciusdacal/github/redux-arc/src/helpers.js","statementMap":{"0":{"start":{"line":1,"column":24},"end":{"line":1,"column":54}},"1":{"start":{"line":1,"column":31},"end":{"line":1,"column":54}},"2":{"start":{"line":2,"column":27},"end":{"line":2,"column":76}},"3":{"start":{"line":2,"column":35},"end":{"line":2,"column":76}}},"fnMap":{"0":{"name":"(anonymous_0)","decl":{"start":{"line":1,"column":24},"end":{"line":1,"column":25}},"loc":{"start":{"line":1,"column":31},"end":{"line":1,"column":54}},"line":1},"1":{"name":"(anonymous_1)","decl":{"start":{"line":2,"column":27},"end":{"line":2,"column":28}},"loc":{"start":{"line":2,"column":35},"end":{"line":2,"column":76}},"line":2}},"branchMap":{"0":{"loc":{"start":{"line":2,"column":35},"end":{"line":2,"column":76}},"type":"binary-expr","locations":[{"start":{"line":2,"column":35},"end":{"line":2,"column":52}},{"start":{"line":2,"column":56},"end":{"line":2,"column":76}}],"line":2}},"s":{"0":1,"1":10,"2":1,"3":5},"f":{"0":10,"1":5},"b":{"0":[5,5]},"_coverageSchema":"332fd63041d2c1bcb487cc26dd0d5f7d97098a6c","hash":"40c0460fb7c92e777967f98e3678b3cdb75166f2"}
,"/Users/viniciusdacal/github/redux-arc/src/middleware.js": {"path":"/Users/viniciusdacal/github/redux-arc/src/middleware.js","statementMap":{"0":{"start":{"line":22,"column":2},"end":{"line":30,"column":4}},"1":{"start":{"line":22,"column":18},"end":{"line":30,"column":3}},"2":{"start":{"line":22,"column":26},"end":{"line":30,"column":3}},"3":{"start":{"line":23,"column":4},"end":{"line":23,"column":61}},"4":{"start":{"line":25,"column":17},"end":{"line":27,"column":36}},"5":{"start":{"line":25,"column":36},"end":{"line":27,"column":36}},"6":{"start":{"line":29,"column":4},"end":{"line":29,"column":52}},"7":{"start":{"line":34,"column":2},"end":{"line":47,"column":4}},"8":{"start":{"line":34,"column":18},"end":{"line":47,"column":3}},"9":{"start":{"line":35,"column":27},"end":{"line":39,"column":5}},"10":{"start":{"line":40,"column":4},"end":{"line":44,"column":5}},"11":{"start":{"line":41,"column":31},"end":{"line":41,"column":65}},"12":{"start":{"line":42,"column":6},"end":{"line":42,"column":39}},"13":{"start":{"line":43,"column":6},"end":{"line":43,"column":17}},"14":{"start":{"line":45,"column":4},"end":{"line":45,"column":35}},"15":{"start":{"line":46,"column":4},"end":{"line":46,"column":20}},"16":{"start":{"line":51,"column":2},"end":{"line":56,"column":3}},"17":{"start":{"line":53,"column":6},"end":{"line":53,"column":96}},"18":{"start":{"line":54,"column":20},"end":{"line":54,"column":88}},"19":{"start":{"line":55,"column":4},"end":{"line":55,"column":47}},"20":{"start":{"line":58,"column":2},"end":{"line":84,"column":4}},"21":{"start":{"line":58,"column":18},"end":{"line":84,"column":3}},"22":{"start":{"line":58,"column":26},"end":{"line":84,"column":3}},"23":{"start":{"line":59,"column":27},"end":{"line":59,"column":33}},"24":{"start":{"line":61,"column":4},"end":{"line":63,"column":5}},"25":{"start":{"line":62,"column":6},"end":{"line":62,"column":26}},"26":{"start":{"line":65,"column":4},"end":{"line":67,"column":5}},"27":{"start":{"line":66,"column":6},"end":{"line":66,"column":92}},"28":{"start":{"line":69,"column":4},"end":{"line":71,"column":5}},"29":{"start":{"line":70,"column":6},"end":{"line":70,"column":55}},"30":{"start":{"line":73,"column":26},"end":{"line":73,"column":63}},"31":{"start":{"line":74,"column":40},"end":{"line":74,"column":51}},"32":{"start":{"line":76,"column":18},"end":{"line":80,"column":42}},"33":{"start":{"line":80,"column":24},"end":{"line":80,"column":41}},"34":{"start":{"line":82,"column":17},"end":{"line":82,"column":52}},"35":{"start":{"line":83,"column":4},"end":{"line":83,"column":43}}},"fnMap":{"0":{"name":"execAsyncTask","decl":{"start":{"line":21,"column":9},"end":{"line":21,"column":22}},"loc":{"start":{"line":21,"column":47},"end":{"line":31,"column":1}},"line":21},"1":{"name":"(anonymous_1)","decl":{"start":{"line":22,"column":9},"end":{"line":22,"column":10}},"loc":{"start":{"line":22,"column":18},"end":{"line":30,"column":3}},"line":22},"2":{"name":"(anonymous_2)","decl":{"start":{"line":22,"column":18},"end":{"line":22,"column":19}},"loc":{"start":{"line":22,"column":26},"end":{"line":30,"column":3}},"line":22},"3":{"name":"(anonymous_3)","decl":{"start":{"line":22,"column":26},"end":{"line":22,"column":27}},"loc":{"start":{"line":22,"column":55},"end":{"line":30,"column":3}},"line":22},"4":{"name":"(anonymous_4)","decl":{"start":{"line":25,"column":17},"end":{"line":25,"column":18}},"loc":{"start":{"line":25,"column":36},"end":{"line":27,"column":36}},"line":25},"5":{"name":"handleResponse","decl":{"start":{"line":33,"column":9},"end":{"line":33,"column":23}},"loc":{"start":{"line":33,"column":38},"end":{"line":48,"column":1}},"line":33},"6":{"name":"(anonymous_6)","decl":{"start":{"line":34,"column":9},"end":{"line":34,"column":10}},"loc":{"start":{"line":34,"column":18},"end":{"line":47,"column":3}},"line":34},"7":{"name":"(anonymous_7)","decl":{"start":{"line":34,"column":18},"end":{"line":34,"column":19}},"loc":{"start":{"line":34,"column":45},"end":{"line":47,"column":3}},"line":34},"8":{"name":"asyncMiddleware","decl":{"start":{"line":50,"column":24},"end":{"line":50,"column":39}},"loc":{"start":{"line":50,"column":51},"end":{"line":85,"column":1}},"line":50},"9":{"name":"(anonymous_9)","decl":{"start":{"line":58,"column":9},"end":{"line":58,"column":10}},"loc":{"start":{"line":58,"column":18},"end":{"line":84,"column":3}},"line":58},"10":{"name":"(anonymous_10)","decl":{"start":{"line":58,"column":18},"end":{"line":58,"column":19}},"loc":{"start":{"line":58,"column":26},"end":{"line":84,"column":3}},"line":58},"11":{"name":"(anonymous_11)","decl":{"start":{"line":58,"column":26},"end":{"line":58,"column":27}},"loc":{"start":{"line":58,"column":38},"end":{"line":84,"column":3}},"line":58},"12":{"name":"(anonymous_12)","decl":{"start":{"line":80,"column":10},"end":{"line":80,"column":11}},"loc":{"start":{"line":80,"column":24},"end":{"line":80,"column":41}},"line":80}},"branchMap":{"0":{"loc":{"start":{"line":25,"column":36},"end":{"line":27,"column":36}},"type":"cond-expr","locations":[{"start":{"line":26,"column":8},"end":{"line":26,"column":31}},{"start":{"line":27,"column":8},"end":{"line":27,"column":36}}],"line":25},"1":{"loc":{"start":{"line":40,"column":4},"end":{"line":44,"column":5}},"type":"if","locations":[{"start":{"line":40,"column":4},"end":{"line":44,"column":5}},{"start":{"line":40,"column":4},"end":{"line":44,"column":5}}],"line":40},"2":{"loc":{"start":{"line":51,"column":2},"end":{"line":56,"column":3}},"type":"if","locations":[{"start":{"line":51,"column":2},"end":{"line":56,"column":3}},{"start":{"line":51,"column":2},"end":{"line":56,"column":3}}],"line":51},"3":{"loc":{"start":{"line":61,"column":4},"end":{"line":63,"column":5}},"type":"if","locations":[{"start":{"line":61,"column":4},"end":{"line":63,"column":5}},{"start":{"line":61,"column":4},"end":{"line":63,"column":5}}],"line":61},"4":{"loc":{"start":{"line":65,"column":4},"end":{"line":67,"column":5}},"type":"if","locations":[{"start":{"line":65,"column":4},"end":{"line":67,"column":5}},{"start":{"line":65,"column":4},"end":{"line":67,"column":5}}],"line":65},"5":{"loc":{"start":{"line":69,"column":4},"end":{"line":71,"column":5}},"type":"if","locations":[{"start":{"line":69,"column":4},"end":{"line":71,"column":5}},{"start":{"line":69,"column":4},"end":{"line":71,"column":5}}],"line":69},"6":{"loc":{"start":{"line":69,"column":8},"end":{"line":69,"column":41}},"type":"binary-expr","locations":[{"start":{"line":69,"column":8},"end":{"line":69,"column":13}},{"start":{"line":69,"column":17},"end":{"line":69,"column":41}}],"line":69}},"s":{"0":3,"1":3,"2":3,"3":3,"4":3,"5":3,"6":3,"7":3,"8":3,"9":3,"10":3,"11":1,"12":1,"13":1,"14":2,"15":2,"16":8,"17":2,"18":2,"19":2,"20":6,"21":6,"22":6,"23":6,"24":6,"25":1,"26":5,"27":1,"28":4,"29":1,"30":3,"31":3,"32":3,"33":9,"34":3,"35":3},"f":{"0":3,"1":3,"2":3,"3":3,"4":3,"5":3,"6":3,"7":3,"8":8,"9":6,"10":6,"11":6,"12":9},"b":{"0":[1,2],"1":[1,2],"2":[2,6],"3":[1,5],"4":[1,4],"5":[1,3],"6":[4,3]},"_coverageSchema":"332fd63041d2c1bcb487cc26dd0d5f7d97098a6c","hash":"e4ed2c0db7c786ba2d2a244a14f8c7d4acd64f3b"}
,"/Users/viniciusdacal/github/redux-arc/src/polices.js": {"path":"/Users/viniciusdacal/github/redux-arc/src/polices.js","statementMap":{"0":{"start":{"line":12,"column":20},"end":{"line":12,"column":51}},"1":{"start":{"line":14,"column":29},"end":{"line":14,"column":31}},"2":{"start":{"line":16,"column":21},"end":{"line":20,"column":1}},"3":{"start":{"line":17,"column":2},"end":{"line":19,"column":5}},"4":{"start":{"line":18,"column":4},"end":{"line":18,"column":30}},"5":{"start":{"line":22,"column":24},"end":{"line":33,"column":1}},"6":{"start":{"line":23,"column":2},"end":{"line":25,"column":3}},"7":{"start":{"line":24,"column":4},"end":{"line":24,"column":75}},"8":{"start":{"line":27,"column":2},"end":{"line":31,"column":3}},"9":{"start":{"line":28,"column":20},"end":{"line":28,"column":94}},"10":{"start":{"line":29,"column":22},"end":{"line":29,"column":81}},"11":{"start":{"line":30,"column":4},"end":{"line":30,"column":47}},"12":{"start":{"line":32,"column":2},"end":{"line":32,"column":50}},"13":{"start":{"line":35,"column":12},"end":{"line":44,"column":1}},"14":{"start":{"line":35,"column":27},"end":{"line":44,"column":1}},"15":{"start":{"line":36,"column":18},"end":{"line":38,"column":55}},"16":{"start":{"line":37,"column":17},"end":{"line":37,"column":36}},"17":{"start":{"line":38,"column":22},"end":{"line":38,"column":54}},"18":{"start":{"line":40,"column":2},"end":{"line":43,"column":4}},"19":{"start":{"line":40,"column":18},"end":{"line":43,"column":3}},"20":{"start":{"line":41,"column":18},"end":{"line":41,"column":54}},"21":{"start":{"line":41,"column":40},"end":{"line":41,"column":53}},"22":{"start":{"line":42,"column":4},"end":{"line":42,"column":35}},"23":{"start":{"line":46,"column":32},"end":{"line":52,"column":1}},"24":{"start":{"line":47,"column":2},"end":{"line":50,"column":3}},"25":{"start":{"line":48,"column":24},"end":{"line":48,"column":91}},"26":{"start":{"line":48,"column":65},"end":{"line":48,"column":90}},"27":{"start":{"line":49,"column":4},"end":{"line":49,"column":28}},"28":{"start":{"line":51,"column":2},"end":{"line":51,"column":17}}},"fnMap":{"0":{"name":"(anonymous_0)","decl":{"start":{"line":16,"column":21},"end":{"line":16,"column":22}},"loc":{"start":{"line":16,"column":27},"end":{"line":20,"column":1}},"line":16},"1":{"name":"(anonymous_1)","decl":{"start":{"line":17,"column":37},"end":{"line":17,"column":38}},"loc":{"start":{"line":17,"column":46},"end":{"line":19,"column":3}},"line":17},"2":{"name":"(anonymous_2)","decl":{"start":{"line":22,"column":24},"end":{"line":22,"column":25}},"loc":{"start":{"line":22,"column":42},"end":{"line":33,"column":1}},"line":22},"3":{"name":"(anonymous_3)","decl":{"start":{"line":35,"column":12},"end":{"line":35,"column":13}},"loc":{"start":{"line":35,"column":27},"end":{"line":44,"column":1}},"line":35},"4":{"name":"(anonymous_4)","decl":{"start":{"line":35,"column":27},"end":{"line":35,"column":28}},"loc":{"start":{"line":35,"column":43},"end":{"line":44,"column":1}},"line":35},"5":{"name":"(anonymous_5)","decl":{"start":{"line":37,"column":9},"end":{"line":37,"column":10}},"loc":{"start":{"line":37,"column":17},"end":{"line":37,"column":36}},"line":37},"6":{"name":"(anonymous_6)","decl":{"start":{"line":38,"column":12},"end":{"line":38,"column":13}},"loc":{"start":{"line":38,"column":22},"end":{"line":38,"column":54}},"line":38},"7":{"name":"(anonymous_7)","decl":{"start":{"line":40,"column":9},"end":{"line":40,"column":10}},"loc":{"start":{"line":40,"column":18},"end":{"line":43,"column":3}},"line":40},"8":{"name":"(anonymous_8)","decl":{"start":{"line":40,"column":18},"end":{"line":40,"column":19}},"loc":{"start":{"line":40,"column":26},"end":{"line":43,"column":3}},"line":40},"9":{"name":"(anonymous_9)","decl":{"start":{"line":41,"column":30},"end":{"line":41,"column":31}},"loc":{"start":{"line":41,"column":40},"end":{"line":41,"column":53}},"line":41},"10":{"name":"(anonymous_10)","decl":{"start":{"line":46,"column":32},"end":{"line":46,"column":33}},"loc":{"start":{"line":46,"column":45},"end":{"line":52,"column":1}},"line":46},"11":{"name":"(anonymous_11)","decl":{"start":{"line":48,"column":58},"end":{"line":48,"column":59}},"loc":{"start":{"line":48,"column":65},"end":{"line":48,"column":90}},"line":48}},"branchMap":{"0":{"loc":{"start":{"line":23,"column":2},"end":{"line":25,"column":3}},"type":"if","locations":[{"start":{"line":23,"column":2},"end":{"line":25,"column":3}},{"start":{"line":23,"column":2},"end":{"line":25,"column":3}}],"line":23},"1":{"loc":{"start":{"line":27,"column":2},"end":{"line":31,"column":3}},"type":"if","locations":[{"start":{"line":27,"column":2},"end":{"line":31,"column":3}},{"start":{"line":27,"column":2},"end":{"line":31,"column":3}}],"line":27},"2":{"loc":{"start":{"line":47,"column":2},"end":{"line":50,"column":3}},"type":"if","locations":[{"start":{"line":47,"column":2},"end":{"line":50,"column":3}},{"start":{"line":47,"column":2},"end":{"line":50,"column":3}}],"line":47}},"s":{"0":1,"1":1,"2":1,"3":8,"4":4,"5":1,"6":7,"7":1,"8":6,"9":2,"10":2,"11":2,"12":4,"13":1,"14":2,"15":2,"16":1,"17":1,"18":2,"19":2,"20":2,"21":1,"22":2,"23":1,"24":2,"25":1,"26":1,"27":1,"28":1},"f":{"0":8,"1":4,"2":7,"3":2,"4":2,"5":1,"6":1,"7":2,"8":2,"9":1,"10":2,"11":1},"b":{"0":[1,6],"1":[2,4],"2":[1,1]},"_coverageSchema":"332fd63041d2c1bcb487cc26dd0d5f7d97098a6c","hash":"21690abe54f9fae2595f2ac3ff0bf31722cbf64b"}
}
