TN:
SF:/Users/viniciusdacal/github/redux-arc/src/apiActionCreator.js
FN:9,apiActionCreatorFactory
FN:10,apiCreator
FN:49,parseUrl
FN:50,(anonymous_3)
FN:59,validateConfig
FN:60,(anonymous_5)
FN:91,createApiActions
FNF:7
FNH:7
FNDA:6,apiActionCreatorFactory
FNDA:6,apiCreator
FNDA:10,parseUrl
FNDA:7,(anonymous_3)
FNDA:7,validateConfig
FNDA:9,(anonymous_5)
FNDA:1,createApiActions
DA:11,6
DA:12,6
DA:21,6
DA:22,1
DA:25,6
DA:26,1
DA:29,6
DA:30,1
DA:33,6
DA:34,2
DA:37,6
DA:40,6
DA:46,6
DA:50,10
DA:51,7
DA:52,7
DA:53,1
DA:55,6
DA:60,7
DA:61,9
DA:62,9
DA:64,9
DA:65,1
DA:69,8
DA:70,1
DA:74,7
DA:75,1
DA:79,6
DA:80,1
DA:86,3
DA:87,1
DA:92,1
DA:93,1
DA:94,1
DA:95,1
DA:97,1
LF:36
LH:36
BRDA:11,0,0,6
BRDA:11,0,1,2
BRDA:21,1,0,1
BRDA:21,1,1,5
BRDA:25,2,0,1
BRDA:25,2,1,5
BRDA:29,3,0,1
BRDA:29,3,1,5
BRDA:33,4,0,2
BRDA:33,4,1,4
BRDA:52,5,0,1
BRDA:52,5,1,6
BRDA:52,6,0,7
BRDA:52,6,1,2
BRDA:62,7,0,9
BRDA:62,7,1,4
BRDA:64,8,0,1
BRDA:64,8,1,8
BRDA:69,9,0,1
BRDA:69,9,1,7
BRDA:74,10,0,1
BRDA:74,10,1,6
BRDA:74,11,0,7
BRDA:74,11,1,6
BRDA:79,12,0,1
BRDA:79,12,1,5
BRDA:79,13,0,6
BRDA:79,13,1,2
BRDA:86,14,0,1
BRDA:86,14,1,2
BRDA:86,15,0,3
BRDA:86,15,1,2
BRDA:86,15,2,2
BRDA:94,16,0,1
BRDA:94,16,1,1
BRF:35
BRH:35
end_of_record
TN:
SF:/Users/viniciusdacal/github/redux-arc/src/asyncActionHelpers.js
FN:1,(anonymous_0)
FN:3,(anonymous_1)
FN:3,(anonymous_2)
FN:15,parseOptions
FN:22,(anonymous_4)
FN:23,(anonymous_5)
FN:28,(anonymous_6)
FN:29,(anonymous_7)
FNF:8
FNH:8
FNDA:14,(anonymous_0)
FNDA:2,(anonymous_1)
FNDA:5,(anonymous_2)
FNDA:8,parseOptions
FNDA:2,(anonymous_4)
FNDA:6,(anonymous_5)
FNDA:2,(anonymous_6)
FNDA:6,(anonymous_7)
DA:1,14
DA:3,2
DA:4,5
DA:5,5
DA:16,8
DA:17,1
DA:19,7
DA:22,2
DA:23,6
DA:28,2
DA:29,2
DA:30,6
DA:31,6
LF:13
LH:13
BRDA:16,0,0,1
BRDA:16,0,1,7
BRF:2
BRH:2
end_of_record
TN:
SF:/Users/viniciusdacal/github/redux-arc/src/helpers.js
FN:1,(anonymous_0)
FN:2,(anonymous_1)
FNF:2
FNH:2
FNDA:10,(anonymous_0)
FNDA:5,(anonymous_1)
DA:1,10
DA:2,5
LF:2
LH:2
BRDA:2,0,0,5
BRDA:2,0,1,5
BRF:2
BRH:2
end_of_record
TN:
SF:/Users/viniciusdacal/github/redux-arc/src/middleware.js
FN:21,execAsyncTask
FN:22,(anonymous_1)
FN:22,(anonymous_2)
FN:22,(anonymous_3)
FN:25,(anonymous_4)
FN:33,handleResponse
FN:34,(anonymous_6)
FN:34,(anonymous_7)
FN:50,asyncMiddleware
FN:58,(anonymous_9)
FN:58,(anonymous_10)
FN:58,(anonymous_11)
FN:80,(anonymous_12)
FNF:13
FNH:13
FNDA:3,execAsyncTask
FNDA:3,(anonymous_1)
FNDA:3,(anonymous_2)
FNDA:3,(anonymous_3)
FNDA:3,(anonymous_4)
FNDA:3,handleResponse
FNDA:3,(anonymous_6)
FNDA:3,(anonymous_7)
FNDA:8,asyncMiddleware
FNDA:6,(anonymous_9)
FNDA:6,(anonymous_10)
FNDA:6,(anonymous_11)
FNDA:9,(anonymous_12)
DA:22,3
DA:23,3
DA:25,3
DA:29,3
DA:34,3
DA:35,3
DA:40,3
DA:41,1
DA:42,1
DA:43,1
DA:45,2
DA:46,2
DA:51,8
DA:53,2
DA:54,2
DA:55,2
DA:58,6
DA:59,6
DA:61,6
DA:62,1
DA:65,5
DA:66,1
DA:69,4
DA:70,1
DA:73,3
DA:74,3
DA:76,3
DA:80,9
DA:82,3
DA:83,3
LF:30
LH:30
BRDA:25,0,0,1
BRDA:25,0,1,2
BRDA:40,1,0,1
BRDA:40,1,1,2
BRDA:51,2,0,2
BRDA:51,2,1,6
BRDA:61,3,0,1
BRDA:61,3,1,5
BRDA:65,4,0,1
BRDA:65,4,1,4
BRDA:69,5,0,1
BRDA:69,5,1,3
BRDA:69,6,0,4
BRDA:69,6,1,3
BRF:14
BRH:14
end_of_record
TN:
SF:/Users/viniciusdacal/github/redux-arc/src/polices.js
FN:16,(anonymous_0)
FN:17,(anonymous_1)
FN:22,(anonymous_2)
FN:35,(anonymous_3)
FN:35,(anonymous_4)
FN:37,(anonymous_5)
FN:38,(anonymous_6)
FN:40,(anonymous_7)
FN:40,(anonymous_8)
FN:41,(anonymous_9)
FN:46,(anonymous_10)
FN:48,(anonymous_11)
FNF:12
FNH:12
FNDA:8,(anonymous_0)
FNDA:4,(anonymous_1)
FNDA:7,(anonymous_2)
FNDA:2,(anonymous_3)
FNDA:2,(anonymous_4)
FNDA:1,(anonymous_5)
FNDA:1,(anonymous_6)
FNDA:2,(anonymous_7)
FNDA:2,(anonymous_8)
FNDA:1,(anonymous_9)
FNDA:2,(anonymous_10)
FNDA:1,(anonymous_11)
DA:12,1
DA:14,1
DA:16,1
DA:17,8
DA:18,4
DA:22,1
DA:23,7
DA:24,1
DA:27,6
DA:28,2
DA:29,2
DA:30,2
DA:32,4
DA:35,2
DA:36,2
DA:37,1
DA:38,1
DA:40,2
DA:41,2
DA:42,2
DA:46,1
DA:47,2
DA:48,1
DA:49,1
DA:51,1
LF:25
LH:25
BRDA:23,0,0,1
BRDA:23,0,1,6
BRDA:27,1,0,2
BRDA:27,1,1,4
BRDA:47,2,0,1
BRDA:47,2,1,1
BRF:6
BRH:6
end_of_record
